Compass: Single-sample mode
Supplied Arguments: 
   data: ['/data/PRJNA604055/data/PRJNA604055-astrocytes_dataset-0.001-expr-mtx.tsv']
   data_mtx: None
   model: RECON2_mat
   species: mus_musculus
   media: default-media
   output_dir: /data/PRJNA604055/data/compass-PRJNA604055
   temp_dir: /data/PRJNA604055/data/compass-PRJNA604055/_tmp
   torque_queue: None
   num_processes: 120
   lambda: 0
   single_sample: None
   transposed: False
   sample_range: None
   reaction_range: None
   metabolite_range: None
   generate_cache: False
   test_mode: False
   num_threads: 2
   and_function: mean
   select_reactions: None
   select_subsystems: None
   glucose: None
   collect: False
   config_file: None
   num_neighbors: 30
   symmetric_kernel: False
   input_weights: None
   penalty_diffusion: knn
   no_reactions: False
   calc_metabolites: True
   precache: False
   input_knn: None
   input_knn_distances: None
   output_knn: None
   latent_space: None
   only_penalties: None
   example_inputs: None
   microcluster_size: None
   microcluster_file: None
   microcluster_data_file: None
   anndata_output: False
   anndata_obs: None
   anndata_uns: None
   detailed_perf: False
   penalties_file: /data/PRJNA604055/data/compass-PRJNA604055/_tmp/penalties.txt.gz
   lpmethod: 4
   advance: 2
   save_argmaxes: False
   isoform_summing: remove-summing
   list_genes: None
   list_reactions: None

COMPASS Started: 2023-05-16 15:23:43.326396
Running COMPASS on model: RECON2_mat
Processing Sample 691/931: SRR10992876_AGCCAATTCGCCCAGA-1
Evaluating Reaction Penalties...
Evaluating Reaction Scores...
Evaluating Exchange/Secretion/Uptake Scores...
Writing output files...
Compass Penalty Time: 0.30067856202367693
Compass Reaction Time:993.6572268879972
Processed10211reactions
Compass Exchange Time:1614.3636480610585
Processed 5063 uptake reactions
Processed 5063 secretion reactions
COMPASS Completed Successfully

Elapsed Time: 0:43:31.005772
